<?xml version="1.0" encoding="UTF-8"?>
<coverage generated="1650929397011" clover="3.2.0">
  <project timestamp="1650929397011" name="All files">
    <metrics statements="54" coveredstatements="54" conditionals="70" coveredconditionals="70" methods="10" coveredmethods="10" elements="134" coveredelements="134" complexity="0" loc="54" ncloc="54" packages="1" files="3" classes="3"/>
    <file name="validateParams.js" path="/Users/silvergrace/Documents/hackReactor/SDC/ReviewsAPI/server/controllers/validation/validateParams.js">
      <metrics statements="13" coveredstatements="13" conditionals="17" coveredconditionals="17" methods="2" coveredmethods="2"/>
      <line num="1" count="4" type="stmt"/>
      <line num="6" count="1" type="stmt"/>
      <line num="7" count="5" type="stmt"/>
      <line num="9" count="5" type="cond" truecount="4" falsecount="0"/>
      <line num="10" count="1" type="stmt"/>
      <line num="12" count="4" type="cond" truecount="4" falsecount="0"/>
      <line num="13" count="1" type="stmt"/>
      <line num="15" count="3" type="cond" truecount="4" falsecount="0"/>
      <line num="16" count="1" type="stmt"/>
      <line num="18" count="2" type="cond" truecount="5" falsecount="0"/>
      <line num="19" count="1" type="stmt"/>
      <line num="21" count="1" type="stmt"/>
      <line num="24" count="1" type="stmt"/>
    </file>
    <file name="validatePostBody.js" path="/Users/silvergrace/Documents/hackReactor/SDC/ReviewsAPI/server/controllers/validation/validatePostBody.js">
      <metrics statements="36" coveredstatements="36" conditionals="49" coveredconditionals="49" methods="7" coveredmethods="7"/>
      <line num="1" count="9" type="stmt"/>
      <line num="6" count="1" type="stmt"/>
      <line num="7" count="7" type="stmt"/>
      <line num="8" count="7" type="stmt"/>
      <line num="11" count="4" type="stmt"/>
      <line num="13" count="1" type="stmt"/>
      <line num="14" count="4" type="stmt"/>
      <line num="15" count="4" type="stmt"/>
      <line num="16" count="17" type="cond" truecount="2" falsecount="0"/>
      <line num="17" count="1" type="stmt"/>
      <line num="19" count="17" type="cond" truecount="5" falsecount="0"/>
      <line num="21" count="2" type="stmt"/>
      <line num="25" count="4" type="cond" truecount="2" falsecount="0"/>
      <line num="26" count="2" type="stmt"/>
      <line num="28" count="2" type="stmt"/>
      <line num="31" count="1" type="stmt"/>
      <line num="32" count="10" type="cond" truecount="4" falsecount="0"/>
      <line num="33" count="1" type="stmt"/>
      <line num="35" count="9" type="cond" truecount="6" falsecount="0"/>
      <line num="37" count="1" type="stmt"/>
      <line num="39" count="8" type="cond" truecount="5" falsecount="0"/>
      <line num="40" count="1" type="stmt"/>
      <line num="42" count="7" type="cond" truecount="6" falsecount="0"/>
      <line num="43" count="1" type="stmt"/>
      <line num="45" count="6" type="cond" truecount="4" falsecount="0"/>
      <line num="46" count="1" type="stmt"/>
      <line num="48" count="5" type="cond" truecount="4" falsecount="0"/>
      <line num="49" count="1" type="stmt"/>
      <line num="51" count="4" type="cond" truecount="4" falsecount="0"/>
      <line num="52" count="1" type="stmt"/>
      <line num="54" count="7" type="cond" truecount="2" falsecount="0"/>
      <line num="55" count="1" type="stmt"/>
      <line num="57" count="2" type="cond" truecount="5" falsecount="0"/>
      <line num="60" count="1" type="stmt"/>
      <line num="62" count="1" type="stmt"/>
      <line num="65" count="1" type="stmt"/>
    </file>
    <file name="validatePutParams.js" path="/Users/silvergrace/Documents/hackReactor/SDC/ReviewsAPI/server/controllers/validation/validatePutParams.js">
      <metrics statements="5" coveredstatements="5" conditionals="4" coveredconditionals="4" methods="1" coveredmethods="1"/>
      <line num="1" count="1" type="stmt"/>
      <line num="2" count="4" type="cond" truecount="4" falsecount="0"/>
      <line num="3" count="2" type="stmt"/>
      <line num="8" count="2" type="stmt"/>
      <line num="11" count="1" type="stmt"/>
    </file>
  </project>
</coverage>
