TN:
SF:server/controllers/validation/validateParams.js
FN:1,(anonymous_0)
FN:6,(anonymous_1)
FNF:2
FNH:2
FNDA:4,(anonymous_0)
FNDA:5,(anonymous_1)
DA:1,4
DA:6,1
DA:7,5
DA:9,5
DA:10,1
DA:12,4
DA:13,1
DA:15,3
DA:16,1
DA:18,2
DA:19,1
DA:21,1
DA:24,1
LF:13
LH:13
BRDA:9,0,0,1
BRDA:9,0,1,4
BRDA:9,1,0,5
BRDA:9,1,1,5
BRDA:12,2,0,1
BRDA:12,2,1,3
BRDA:12,3,0,4
BRDA:12,3,1,4
BRDA:15,4,0,1
BRDA:15,4,1,2
BRDA:15,5,0,3
BRDA:15,5,1,3
BRDA:18,6,0,1
BRDA:18,6,1,1
BRDA:18,7,0,2
BRDA:18,7,1,2
BRDA:18,7,2,2
BRF:17
BRH:17
end_of_record
TN:
SF:server/controllers/validation/validatePostBody.js
FN:1,(anonymous_0)
FN:6,(anonymous_1)
FN:11,(anonymous_2)
FN:13,(anonymous_3)
FN:15,(anonymous_4)
FN:31,(anonymous_5)
FN:54,(anonymous_6)
FNF:7
FNH:7
FNDA:9,(anonymous_0)
FNDA:7,(anonymous_1)
FNDA:4,(anonymous_2)
FNDA:4,(anonymous_3)
FNDA:17,(anonymous_4)
FNDA:10,(anonymous_5)
FNDA:7,(anonymous_6)
DA:1,9
DA:6,1
DA:7,7
DA:8,7
DA:11,4
DA:13,1
DA:14,4
DA:15,4
DA:16,17
DA:17,1
DA:19,17
DA:21,2
DA:25,4
DA:26,2
DA:28,2
DA:31,1
DA:32,10
DA:33,1
DA:35,9
DA:37,1
DA:39,8
DA:40,1
DA:42,7
DA:43,1
DA:45,6
DA:46,1
DA:48,5
DA:49,1
DA:51,4
DA:52,1
DA:54,7
DA:55,1
DA:57,2
DA:60,1
DA:62,1
DA:65,1
LF:36
LH:36
BRDA:16,0,0,1
BRDA:16,0,1,16
BRDA:19,1,0,2
BRDA:19,1,1,15
BRDA:19,2,0,17
BRDA:19,2,1,16
BRDA:19,2,2,16
BRDA:25,3,0,2
BRDA:25,3,1,2
BRDA:32,4,0,1
BRDA:32,4,1,9
BRDA:32,5,0,10
BRDA:32,5,1,10
BRDA:35,6,0,1
BRDA:35,6,1,8
BRDA:35,7,0,9
BRDA:35,7,1,9
BRDA:35,7,2,8
BRDA:35,7,3,8
BRDA:39,8,0,1
BRDA:39,8,1,7
BRDA:39,9,0,8
BRDA:39,9,1,8
BRDA:39,9,2,8
BRDA:42,10,0,1
BRDA:42,10,1,6
BRDA:42,11,0,7
BRDA:42,11,1,7
BRDA:42,11,2,6
BRDA:42,11,3,6
BRDA:45,12,0,1
BRDA:45,12,1,5
BRDA:45,13,0,6
BRDA:45,13,1,6
BRDA:48,14,0,1
BRDA:48,14,1,4
BRDA:48,15,0,5
BRDA:48,15,1,5
BRDA:51,16,0,1
BRDA:51,16,1,3
BRDA:51,17,0,4
BRDA:51,17,1,4
BRDA:54,18,0,1
BRDA:54,18,1,2
BRDA:57,19,0,1
BRDA:57,19,1,1
BRDA:57,20,0,2
BRDA:57,20,1,2
BRDA:57,20,2,1
BRF:49
BRH:49
end_of_record
TN:
SF:server/controllers/validation/validatePutParams.js
FN:1,(anonymous_0)
FNF:1
FNH:1
FNDA:4,(anonymous_0)
DA:1,1
DA:2,4
DA:3,2
DA:8,2
DA:11,1
LF:5
LH:5
BRDA:2,0,0,2
BRDA:2,0,1,2
BRDA:2,1,0,4
BRDA:2,1,1,4
BRF:4
BRH:4
end_of_record
